<?xml version="1.0" encoding="UTF-8"?>
<coverage generated="1641728979398" clover="3.2.0">
  <project timestamp="1641728979398" name="All files">
    <metrics statements="29" coveredstatements="29" conditionals="4" coveredconditionals="4" methods="17" coveredmethods="17" elements="50" coveredelements="50" complexity="0" loc="29" ncloc="29" packages="2" files="5" classes="5"/>
    <package name="src">
      <metrics statements="4" coveredstatements="4" conditionals="1" coveredconditionals="1" methods="1" coveredmethods="1"/>
      <file name="questions.js" path="/Users/bonniedipasquale/Work/BC_Github/activities/team-profile-generator/src/questions.js">
        <metrics statements="4" coveredstatements="4" conditionals="1" coveredconditionals="1" methods="1" coveredmethods="1"/>
        <line num="3" count="1" type="stmt"/>
        <line num="23" count="1" type="stmt"/>
        <line num="49" count="1" type="stmt"/>
        <line num="61" count="1" type="stmt"/>
      </file>
    </package>
    <package name="src.class">
      <metrics statements="25" coveredstatements="25" conditionals="3" coveredconditionals="3" methods="16" coveredmethods="16"/>
      <file name="Employee.js" path="/Users/bonniedipasquale/Work/BC_Github/activities/team-profile-generator/src/class/Employee.js">
        <metrics statements="10" coveredstatements="10" conditionals="3" coveredconditionals="3" methods="7" coveredmethods="7"/>
        <line num="5" count="11" type="stmt"/>
        <line num="6" count="11" type="stmt"/>
        <line num="7" count="11" type="stmt"/>
        <line num="10" count="1" type="stmt"/>
        <line num="13" count="1" type="stmt"/>
        <line num="16" count="2" type="stmt"/>
        <line num="19" count="1" type="stmt"/>
        <line num="22" count="1" type="stmt"/>
        <line num="25" count="4" type="stmt"/>
        <line num="29" count="4" type="stmt"/>
      </file>
      <file name="Engineer.js" path="/Users/bonniedipasquale/Work/BC_Github/activities/team-profile-generator/src/class/Engineer.js">
        <metrics statements="5" coveredstatements="5" conditionals="0" coveredconditionals="0" methods="3" coveredmethods="3"/>
        <line num="1" count="1" type="stmt"/>
        <line num="5" count="2" type="stmt"/>
        <line num="8" count="1" type="stmt"/>
        <line num="11" count="1" type="stmt"/>
        <line num="15" count="1" type="stmt"/>
      </file>
      <file name="Intern.js" path="/Users/bonniedipasquale/Work/BC_Github/activities/team-profile-generator/src/class/Intern.js">
        <metrics statements="5" coveredstatements="5" conditionals="0" coveredconditionals="0" methods="3" coveredmethods="3"/>
        <line num="1" count="1" type="stmt"/>
        <line num="5" count="2" type="stmt"/>
        <line num="8" count="1" type="stmt"/>
        <line num="11" count="1" type="stmt"/>
        <line num="15" count="1" type="stmt"/>
      </file>
      <file name="Manager.js" path="/Users/bonniedipasquale/Work/BC_Github/activities/team-profile-generator/src/class/Manager.js">
        <metrics statements="5" coveredstatements="5" conditionals="0" coveredconditionals="0" methods="3" coveredmethods="3"/>
        <line num="1" count="1" type="stmt"/>
        <line num="5" count="2" type="stmt"/>
        <line num="8" count="1" type="stmt"/>
        <line num="11" count="1" type="stmt"/>
        <line num="15" count="1" type="stmt"/>
      </file>
    </package>
  </project>
</coverage>
