{"/Users/bonniedipasquale/Work/BC_Github/activities/team-profile-generator/src/questions.js": {"path":"/Users/bonniedipasquale/Work/BC_Github/activities/team-profile-generator/src/questions.js","statementMap":{"0":{"start":{"line":3,"column":19},"end":{"line":22,"column":3}},"1":{"start":{"line":23,"column":23},"end":{"line":48,"column":3}},"2":{"start":{"line":49,"column":2},"end":{"line":58,"column":4}},"3":{"start":{"line":61,"column":0},"end":{"line":61,"column":30}}},"fnMap":{"0":{"name":"getQuestions","decl":{"start":{"line":2,"column":9},"end":{"line":2,"column":21}},"loc":{"start":{"line":2,"column":40},"end":{"line":59,"column":1}},"line":2}},"branchMap":{"0":{"loc":{"start":{"line":2,"column":22},"end":{"line":2,"column":38}},"type":"default-arg","locations":[{"start":{"line":2,"column":29},"end":{"line":2,"column":38}}],"line":2}},"s":{"0":1,"1":1,"2":1,"3":1},"f":{"0":1},"b":{"0":[1]},"_coverageSchema":"1a1c01bbd47fc00a2c39e90264f33305004495a9","hash":"423099f1becb1376ec9992fbc2fee2c2650caaca"}
,"/Users/bonniedipasquale/Work/BC_Github/activities/team-profile-generator/src/class/Employee.js": {"path":"/Users/bonniedipasquale/Work/BC_Github/activities/team-profile-generator/src/class/Employee.js","statementMap":{"0":{"start":{"line":5,"column":4},"end":{"line":5,"column":21}},"1":{"start":{"line":6,"column":4},"end":{"line":6,"column":17}},"2":{"start":{"line":7,"column":4},"end":{"line":7,"column":21}},"3":{"start":{"line":10,"column":4},"end":{"line":10,"column":21}},"4":{"start":{"line":13,"column":4},"end":{"line":13,"column":23}},"5":{"start":{"line":16,"column":4},"end":{"line":16,"column":19}},"6":{"start":{"line":19,"column":4},"end":{"line":19,"column":21}},"7":{"start":{"line":22,"column":4},"end":{"line":22,"column":22}},"8":{"start":{"line":25,"column":4},"end":{"line":25,"column":21}},"9":{"start":{"line":29,"column":0},"end":{"line":29,"column":26}}},"fnMap":{"0":{"name":"(anonymous_0)","decl":{"start":{"line":4,"column":2},"end":{"line":4,"column":3}},"loc":{"start":{"line":4,"column":48},"end":{"line":8,"column":3}},"line":4},"1":{"name":"(anonymous_1)","decl":{"start":{"line":9,"column":2},"end":{"line":9,"column":3}},"loc":{"start":{"line":9,"column":16},"end":{"line":11,"column":3}},"line":9},"2":{"name":"(anonymous_2)","decl":{"start":{"line":12,"column":2},"end":{"line":12,"column":3}},"loc":{"start":{"line":12,"column":18},"end":{"line":14,"column":3}},"line":12},"3":{"name":"(anonymous_3)","decl":{"start":{"line":15,"column":2},"end":{"line":15,"column":3}},"loc":{"start":{"line":15,"column":10},"end":{"line":17,"column":3}},"line":15},"4":{"name":"(anonymous_4)","decl":{"start":{"line":18,"column":2},"end":{"line":18,"column":3}},"loc":{"start":{"line":18,"column":12},"end":{"line":20,"column":3}},"line":18},"5":{"name":"(anonymous_5)","decl":{"start":{"line":21,"column":2},"end":{"line":21,"column":3}},"loc":{"start":{"line":21,"column":13},"end":{"line":23,"column":3}},"line":21},"6":{"name":"(anonymous_6)","decl":{"start":{"line":24,"column":2},"end":{"line":24,"column":3}},"loc":{"start":{"line":24,"column":12},"end":{"line":26,"column":3}},"line":24}},"branchMap":{"0":{"loc":{"start":{"line":4,"column":14},"end":{"line":4,"column":25}},"type":"default-arg","locations":[{"start":{"line":4,"column":21},"end":{"line":4,"column":25}}],"line":4},"1":{"loc":{"start":{"line":4,"column":27},"end":{"line":4,"column":33}},"type":"default-arg","locations":[{"start":{"line":4,"column":32},"end":{"line":4,"column":33}}],"line":4},"2":{"loc":{"start":{"line":4,"column":35},"end":{"line":4,"column":46}},"type":"default-arg","locations":[{"start":{"line":4,"column":42},"end":{"line":4,"column":46}}],"line":4}},"s":{"0":11,"1":11,"2":11,"3":1,"4":1,"5":2,"6":1,"7":1,"8":4,"9":4},"f":{"0":11,"1":1,"2":1,"3":2,"4":1,"5":1,"6":4},"b":{"0":[1],"1":[8],"2":[9]},"_coverageSchema":"1a1c01bbd47fc00a2c39e90264f33305004495a9","hash":"e983bb9dda53930eaea7236d8d6b1bf0d6a513ba"}
,"/Users/bonniedipasquale/Work/BC_Github/activities/team-profile-generator/src/class/Engineer.js": {"path":"/Users/bonniedipasquale/Work/BC_Github/activities/team-profile-generator/src/class/Engineer.js","statementMap":{"0":{"start":{"line":1,"column":17},"end":{"line":1,"column":38}},"1":{"start":{"line":5,"column":4},"end":{"line":5,"column":22}},"2":{"start":{"line":8,"column":4},"end":{"line":8,"column":27}},"3":{"start":{"line":11,"column":4},"end":{"line":11,"column":23}},"4":{"start":{"line":15,"column":0},"end":{"line":15,"column":26}}},"fnMap":{"0":{"name":"(anonymous_0)","decl":{"start":{"line":4,"column":2},"end":{"line":4,"column":3}},"loc":{"start":{"line":4,"column":16},"end":{"line":6,"column":3}},"line":4},"1":{"name":"(anonymous_1)","decl":{"start":{"line":7,"column":2},"end":{"line":7,"column":3}},"loc":{"start":{"line":7,"column":22},"end":{"line":9,"column":3}},"line":7},"2":{"name":"(anonymous_2)","decl":{"start":{"line":10,"column":2},"end":{"line":10,"column":3}},"loc":{"start":{"line":10,"column":14},"end":{"line":12,"column":3}},"line":10}},"branchMap":{},"s":{"0":1,"1":2,"2":1,"3":1,"4":1},"f":{"0":2,"1":1,"2":1},"b":{},"_coverageSchema":"1a1c01bbd47fc00a2c39e90264f33305004495a9","hash":"1e79f4572bec2382335d00efe94b97a5adec3d52"}
,"/Users/bonniedipasquale/Work/BC_Github/activities/team-profile-generator/src/class/Intern.js": {"path":"/Users/bonniedipasquale/Work/BC_Github/activities/team-profile-generator/src/class/Intern.js","statementMap":{"0":{"start":{"line":1,"column":17},"end":{"line":1,"column":38}},"1":{"start":{"line":5,"column":4},"end":{"line":5,"column":20}},"2":{"start":{"line":8,"column":4},"end":{"line":8,"column":25}},"3":{"start":{"line":11,"column":4},"end":{"line":11,"column":23}},"4":{"start":{"line":15,"column":0},"end":{"line":15,"column":24}}},"fnMap":{"0":{"name":"(anonymous_0)","decl":{"start":{"line":4,"column":2},"end":{"line":4,"column":3}},"loc":{"start":{"line":4,"column":16},"end":{"line":6,"column":3}},"line":4},"1":{"name":"(anonymous_1)","decl":{"start":{"line":7,"column":2},"end":{"line":7,"column":3}},"loc":{"start":{"line":7,"column":20},"end":{"line":9,"column":3}},"line":7},"2":{"name":"(anonymous_2)","decl":{"start":{"line":10,"column":2},"end":{"line":10,"column":3}},"loc":{"start":{"line":10,"column":14},"end":{"line":12,"column":3}},"line":10}},"branchMap":{},"s":{"0":1,"1":2,"2":1,"3":1,"4":1},"f":{"0":2,"1":1,"2":1},"b":{},"_coverageSchema":"1a1c01bbd47fc00a2c39e90264f33305004495a9","hash":"fcf0e83f9275fd840f3920f77c069b7fb886f929"}
,"/Users/bonniedipasquale/Work/BC_Github/activities/team-profile-generator/src/class/Manager.js": {"path":"/Users/bonniedipasquale/Work/BC_Github/activities/team-profile-generator/src/class/Manager.js","statementMap":{"0":{"start":{"line":1,"column":17},"end":{"line":1,"column":38}},"1":{"start":{"line":5,"column":4},"end":{"line":5,"column":21}},"2":{"start":{"line":8,"column":4},"end":{"line":8,"column":37}},"3":{"start":{"line":11,"column":4},"end":{"line":11,"column":29}},"4":{"start":{"line":15,"column":0},"end":{"line":15,"column":25}}},"fnMap":{"0":{"name":"(anonymous_0)","decl":{"start":{"line":4,"column":2},"end":{"line":4,"column":3}},"loc":{"start":{"line":4,"column":16},"end":{"line":6,"column":3}},"line":4},"1":{"name":"(anonymous_1)","decl":{"start":{"line":7,"column":2},"end":{"line":7,"column":3}},"loc":{"start":{"line":7,"column":32},"end":{"line":9,"column":3}},"line":7},"2":{"name":"(anonymous_2)","decl":{"start":{"line":10,"column":2},"end":{"line":10,"column":3}},"loc":{"start":{"line":10,"column":20},"end":{"line":12,"column":3}},"line":10}},"branchMap":{},"s":{"0":1,"1":2,"2":1,"3":1,"4":1},"f":{"0":2,"1":1,"2":1},"b":{},"_coverageSchema":"1a1c01bbd47fc00a2c39e90264f33305004495a9","hash":"7c7822c123f43780317ef12dc78a90ea89e8a7fe"}
}
